[INFO] Scanning for projects...
[INFO] 
[INFO] ------------------------< com.capg:api-gateway >------------------------
[INFO] Building api-gateway 0.0.1-SNAPSHOT
[INFO]   from pom.xml
[INFO] --------------------------------[ jar ]---------------------------------
[INFO] 
[INFO] >>> spring-boot:3.5.13:run (default-cli) > test-compile @ api-gateway >>>
[INFO] 
[INFO] --- resources:3.3.1:resources (default-resources) @ api-gateway ---
[INFO] Copying 1 resource from src\main\resources to target\classes
[INFO] Copying 0 resource from src\main\resources to target\classes
[INFO] 
[INFO] --- compiler:3.14.1:compile (default-compile) @ api-gateway ---
[INFO] Nothing to compile - all classes are up to date.
[INFO] 
[INFO] --- resources:3.3.1:testResources (default-testResources) @ api-gateway ---
[INFO] skip non existing resourceDirectory C:\Adv-java-main\SmartCourierDeliveryManagementSystem\api-gateway\src\test\resources
[INFO] 
[INFO] --- compiler:3.14.1:testCompile (default-testCompile) @ api-gateway ---
[INFO] Recompiling the module because of changed source code.
[INFO] Compiling 1 source file with javac [debug parameters release 17] to target\test-classes
[INFO] 
[INFO] <<< spring-boot:3.5.13:run (default-cli) < test-compile @ api-gateway <<<
[INFO] 
[INFO] 
[INFO] --- spring-boot:3.5.13:run (default-cli) @ api-gateway ---
[INFO] Attaching agents: []

  .   ____          _            __ _ _
 /\\ / ___'_ __ _ _(_)_ __  __ _ \ \ \ \
( ( )\___ | '_ | '_| | '_ \/ _` | \ \ \ \
 \\/  ___)| |_)| | | | | || (_| |  ) ) ) )
  '  |____| .__|_| |_|_| |_\__, | / / / /
 =========|_|==============|___/=/_/_/_/

 :: Spring Boot ::               (v3.5.13)

2026-03-30T02:26:59.793+05:30  INFO 7208 --- [api-gateway] [  restartedMain] com.capg.gateway.ApiGatewayApplication   : Starting ApiGatewayApplication using Java 21.0.1 with PID 7208 (C:\Adv-java-main\SmartCourierDeliveryManagementSystem\api-gateway\target\classes started by jomai in C:\Adv-java-main\SmartCourierDeliveryManagementSystem\api-gateway)
2026-03-30T02:26:59.796+05:30  INFO 7208 --- [api-gateway] [  restartedMain] com.capg.gateway.ApiGatewayApplication   : No active profile set, falling back to 1 default profile: "default"
2026-03-30T02:27:00.018+05:30  INFO 7208 --- [api-gateway] [  restartedMain] .e.DevToolsPropertyDefaultsPostProcessor : Devtools property defaults active! Set 'spring.devtools.add-properties' to 'false' to disable
2026-03-30T02:27:00.019+05:30  INFO 7208 --- [api-gateway] [  restartedMain] .e.DevToolsPropertyDefaultsPostProcessor : For additional web related logging consider setting the 'logging.level.web' property to 'DEBUG'
2026-03-30T02:27:01.653+05:30  INFO 7208 --- [api-gateway] [  restartedMain] o.s.cloud.context.scope.GenericScope     : BeanFactory id=143d76d3-6684-327e-b54f-45b9074b5afc
2026-03-30T02:27:02.909+05:30  INFO 7208 --- [api-gateway] [  restartedMain] o.s.c.g.r.RouteDefinitionRouteLocator    : Loaded RoutePredicateFactory [After]
2026-03-30T02:27:02.909+05:30  INFO 7208 --- [api-gateway] [  restartedMain] o.s.c.g.r.RouteDefinitionRouteLocator    : Loaded RoutePredicateFactory [Before]
2026-03-30T02:27:02.909+05:30  INFO 7208 --- [api-gateway] [  restartedMain] o.s.c.g.r.RouteDefinitionRouteLocator    : Loaded RoutePredicateFactory [Between]
2026-03-30T02:27:02.909+05:30  INFO 7208 --- [api-gateway] [  restartedMain] o.s.c.g.r.RouteDefinitionRouteLocator    : Loaded RoutePredicateFactory [Cookie]
2026-03-30T02:27:02.909+05:30  INFO 7208 --- [api-gateway] [  restartedMain] o.s.c.g.r.RouteDefinitionRouteLocator    : Loaded RoutePredicateFactory [Header]
2026-03-30T02:27:02.909+05:30  INFO 7208 --- [api-gateway] [  restartedMain] o.s.c.g.r.RouteDefinitionRouteLocator    : Loaded RoutePredicateFactory [Host]
2026-03-30T02:27:02.909+05:30  INFO 7208 --- [api-gateway] [  restartedMain] o.s.c.g.r.RouteDefinitionRouteLocator    : Loaded RoutePredicateFactory [Method]
2026-03-30T02:27:02.909+05:30  INFO 7208 --- [api-gateway] [  restartedMain] o.s.c.g.r.RouteDefinitionRouteLocator    : Loaded RoutePredicateFactory [Path]
2026-03-30T02:27:02.909+05:30  INFO 7208 --- [api-gateway] [  restartedMain] o.s.c.g.r.RouteDefinitionRouteLocator    : Loaded RoutePredicateFactory [Query]
2026-03-30T02:27:02.909+05:30  INFO 7208 --- [api-gateway] [  restartedMain] o.s.c.g.r.RouteDefinitionRouteLocator    : Loaded RoutePredicateFactory [ReadBody]
2026-03-30T02:27:02.909+05:30  INFO 7208 --- [api-gateway] [  restartedMain] o.s.c.g.r.RouteDefinitionRouteLocator    : Loaded RoutePredicateFactory [RemoteAddr]
2026-03-30T02:27:02.909+05:30  INFO 7208 --- [api-gateway] [  restartedMain] o.s.c.g.r.RouteDefinitionRouteLocator    : Loaded RoutePredicateFactory [XForwardedRemoteAddr]
2026-03-30T02:27:02.915+05:30  INFO 7208 --- [api-gateway] [  restartedMain] o.s.c.g.r.RouteDefinitionRouteLocator    : Loaded RoutePredicateFactory [Weight]
2026-03-30T02:27:02.916+05:30  INFO 7208 --- [api-gateway] [  restartedMain] o.s.c.g.r.RouteDefinitionRouteLocator    : Loaded RoutePredicateFactory [CloudFoundryRouteService]
2026-03-30T02:27:03.239+05:30  INFO 7208 --- [api-gateway] [  restartedMain] o.s.b.a.e.web.EndpointLinksResolver      : Exposing 1 endpoint beneath base path '/actuator'
2026-03-30T02:27:03.566+05:30  WARN 7208 --- [api-gateway] [  restartedMain] o.s.b.d.a.OptionalLiveReloadServer       : Unable to start LiveReload server
2026-03-30T02:27:03.587+05:30  INFO 7208 --- [api-gateway] [  restartedMain] DiscoveryClientOptionalArgsConfiguration : Eureka HTTP Client uses RestTemplate.
2026-03-30T02:27:03.616+05:30  WARN 7208 --- [api-gateway] [  restartedMain] iguration$LoadBalancerCaffeineWarnLogger : Spring Cloud LoadBalancer is currently working with the default cache. While this cache implementation is useful for development and tests, it's recommended to use Caffeine cache in production.You can switch to using Caffeine cache, by adding it and org.springframework.cache.caffeine.CaffeineCacheManager to the classpath.
2026-03-30T02:27:03.677+05:30  INFO 7208 --- [api-gateway] [  restartedMain] o.s.c.n.eureka.InstanceInfoFactory       : Setting initial instance status as: STARTING
2026-03-30T02:27:03.700+05:30  INFO 7208 --- [api-gateway] [  restartedMain] com.netflix.discovery.DiscoveryClient    : Initializing Eureka in region us-east-1
2026-03-30T02:27:03.706+05:30  INFO 7208 --- [api-gateway] [  restartedMain] c.n.d.s.r.aws.ConfigClusterResolver      : Resolving eureka endpoints via configuration
2026-03-30T02:27:03.716+05:30  INFO 7208 --- [api-gateway] [  restartedMain] com.netflix.discovery.DiscoveryClient    : Disable delta property : false
2026-03-30T02:27:03.716+05:30  INFO 7208 --- [api-gateway] [  restartedMain] com.netflix.discovery.DiscoveryClient    : Single vip registry refresh property : null
2026-03-30T02:27:03.719+05:30  INFO 7208 --- [api-gateway] [  restartedMain] com.netflix.discovery.DiscoveryClient    : Force full registry fetch : false
2026-03-30T02:27:03.719+05:30  INFO 7208 --- [api-gateway] [  restartedMain] com.netflix.discovery.DiscoveryClient    : Application is null : false
2026-03-30T02:27:03.721+05:30  INFO 7208 --- [api-gateway] [  restartedMain] com.netflix.discovery.DiscoveryClient    : Registered Applications size is zero : true
2026-03-30T02:27:03.721+05:30  INFO 7208 --- [api-gateway] [  restartedMain] com.netflix.discovery.DiscoveryClient    : Application version is -1: true
2026-03-30T02:27:03.721+05:30  INFO 7208 --- [api-gateway] [  restartedMain] com.netflix.discovery.DiscoveryClient    : Getting all instance registry info from the eureka server
2026-03-30T02:27:04.482+05:30  INFO 7208 --- [api-gateway] [  restartedMain] com.netflix.discovery.DiscoveryClient    : The response status is 200
2026-03-30T02:27:04.485+05:30  INFO 7208 --- [api-gateway] [  restartedMain] com.netflix.discovery.DiscoveryClient    : Starting heartbeat executor: renew interval is: 30
2026-03-30T02:27:04.488+05:30  INFO 7208 --- [api-gateway] [  restartedMain] c.n.discovery.InstanceInfoReplicator     : InstanceInfoReplicator onDemand update allowed rate per min is 4
2026-03-30T02:27:04.490+05:30  INFO 7208 --- [api-gateway] [  restartedMain] com.netflix.discovery.DiscoveryClient    : Discovery Client initialized at timestamp 1774817824490 with initial instances count: 0
2026-03-30T02:27:04.496+05:30  INFO 7208 --- [api-gateway] [  restartedMain] o.s.c.n.e.s.EurekaServiceRegistry        : Registering application API-GATEWAY with eureka with status UP
2026-03-30T02:27:04.497+05:30  INFO 7208 --- [api-gateway] [  restartedMain] com.netflix.discovery.DiscoveryClient    : Saw local status change event StatusChangeEvent [timestamp=1774817824497, current=UP, previous=STARTING]
2026-03-30T02:27:04.500+05:30  INFO 7208 --- [api-gateway] [foReplicator-%d] com.netflix.discovery.DiscoveryClient    : DiscoveryClient_API-GATEWAY/api-gateway:8080: registering service...
2026-03-30T02:27:04.710+05:30  INFO 7208 --- [api-gateway] [foReplicator-%d] com.netflix.discovery.DiscoveryClient    : DiscoveryClient_API-GATEWAY/api-gateway:8080 - registration status: 204
2026-03-30T02:27:04.735+05:30  INFO 7208 --- [api-gateway] [  restartedMain] o.s.b.web.embedded.netty.NettyWebServer  : Netty started on port 8080 (http)
2026-03-30T02:27:04.737+05:30  INFO 7208 --- [api-gateway] [  restartedMain] .s.c.n.e.s.EurekaAutoServiceRegistration : Updating port to 8080
2026-03-30T02:27:04.777+05:30  INFO 7208 --- [api-gateway] [  restartedMain] com.capg.gateway.ApiGatewayApplication   : Started ApiGatewayApplication in 5.64 seconds (process running for 6.367)
2026-03-30T02:27:04.784+05:30  WARN 7208 --- [api-gateway] [  restartedMain] o.s.core.events.SpringDocAppInitializer  : SpringDoc /v3/api-docs endpoint is enabled by default. To disable it in production, set the property 'springdoc.api-docs.enabled=false'
2026-03-30T02:27:04.784+05:30  WARN 7208 --- [api-gateway] [  restartedMain] o.s.core.events.SpringDocAppInitializer  : SpringDoc /swagger-ui.html endpoint is enabled by default. To disable it in production, set the property 'springdoc.swagger-ui.enabled=false'
2026-03-30T02:27:34.491+05:30  INFO 7208 --- [api-gateway] [reshExecutor-%d] com.netflix.discovery.DiscoveryClient    : Disable delta property : false
2026-03-30T02:27:34.503+05:30  INFO 7208 --- [api-gateway] [reshExecutor-%d] com.netflix.discovery.DiscoveryClient    : Single vip registry refresh property : null
2026-03-30T02:27:34.515+05:30  INFO 7208 --- [api-gateway] [reshExecutor-%d] com.netflix.discovery.DiscoveryClient    : Force full registry fetch : false
2026-03-30T02:27:34.517+05:30  INFO 7208 --- [api-gateway] [reshExecutor-%d] com.netflix.discovery.DiscoveryClient    : Application is null : false
2026-03-30T02:27:34.520+05:30  INFO 7208 --- [api-gateway] [reshExecutor-%d] com.netflix.discovery.DiscoveryClient    : Registered Applications size is zero : true
2026-03-30T02:27:34.522+05:30  INFO 7208 --- [api-gateway] [reshExecutor-%d] com.netflix.discovery.DiscoveryClient    : Application version is -1: false
2026-03-30T02:27:34.523+05:30  INFO 7208 --- [api-gateway] [reshExecutor-%d] com.netflix.discovery.DiscoveryClient    : Getting all instance registry info from the eureka server
2026-03-30T02:27:34.577+05:30  INFO 7208 --- [api-gateway] [reshExecutor-%d] com.netflix.discovery.DiscoveryClient    : The response status is 200
2026-03-30T02:32:03.770+05:30  INFO 7208 --- [api-gateway] [rap-executor-%d] c.n.d.s.r.aws.ConfigClusterResolver      : Resolving eureka endpoints via configuration
